#
# A fatal error has been detected by the Java Runtime Environment:
#
#  EXCEPTION_ACCESS_VIOLATION (0xc0000005) at pc=0x000000006fe2b0b2, pid=2064, tid=0x0000000000000d38
#
# JRE version: Java(TM) SE Runtime Environment (8.0_144-b01) (build 1.8.0_144-b01)
# Java VM: Java HotSpot(TM) 64-Bit Server VM (25.144-b01 mixed mode windows-amd64 compressed oops)
# Problematic frame:
# V  [jvm.dll+0x4bb0b2]
#
# Failed to write core dump. Minidumps are not enabled by default on client versions of Windows
#
# If you would like to submit a bug report, please visit:
#   http://bugreport.java.com/bugreport/crash.jsp
#

---------------  T H R E A D  ---------------

Current thread (0x0000000055e43800):  JavaThread "C2 CompilerThread0" daemon [_thread_in_native, id=3384, stack(0x0000000056ca0000,0x0000000056da0000)]

siginfo: ExceptionCode=0xc0000005, reading address 0xffffffffffffffff

Registers:
RAX=0x0000000000000002, RBX=0x0000000000000002, RCX=0x200000005b1419d8, RDX=0x000000000000000c
RSP=0x0000000056d9bce0, RBP=0x000000005997e870, RSI=0x0000000000000000, RDI=0x0000000000000002
R8 =0x0000000000000001, R9 =0x0000000000000000, R10=0x000000007018df90, R11=0x000000006f970000
R12=0x0000000059b5e3a0, R13=0x000000005b1e69a0, R14=0x0000000000035a20, R15=0x0000000000000001
RIP=0x000000006fe2b0b2, EFLAGS=0x0000000000010246

Top of Stack: (sp=0x0000000056d9bce0)
0x0000000056d9bce0:   0000000059b5bad8 0000000059b5bad8
0x0000000056d9bcf0:   000000005997e870 fffffffffffffff8
0x0000000056d9bd00:   000000005b1e69a0 0000000000000000
0x0000000056d9bd10:   0000000300000001 0000000000000001
0x0000000056d9bd20:   000000005a459400 0000000000000001
0x0000000056d9bd30:   000000005a368b58 000000000000003d
0x0000000056d9bd40:   0000000059b5bad8 000000006fea019e
0x0000000056d9bd50:   0000000058d09390 0000000056d9bf10
0x0000000056d9bd60:   fffffffffffffff8 0000000000000003
0x0000000056d9bd70:   0000000000000018 0000000058d24fb0
0x0000000056d9bd80:   0000000000000003 000000006fe2b8ee
0x0000000056d9bd90:   0000000056d9bf10 0000000058d09390
0x0000000056d9bda0:   0000000059b5bad8 0000000056d9bde0
0x0000000056d9bdb0:   0000000000001460 0000000055e42820
0x0000000056d9bdc0:   0000000057357600 000000000032e968
0x0000000056d9bdd0:   0000000057357cd0 000000005735f5e8 

Instructions: (pc=0x000000006fe2b0b2)
0x000000006fe2b092:   70 fe ff 4c 8d 15 f4 2e 36 00 8b d8 85 db 0f 84
0x000000006fe2b0a2:   9c 00 00 00 48 8b 4d 08 8b f3 8b fb 48 c1 ee 08
0x000000006fe2b0b2:   4c 8b 04 f1 4d 3b c2 75 14 8b d3 48 8b cd e8 1b
0x000000006fe2b0c2:   6c fe ff 4c 8d 15 c4 2e 36 00 4c 8b c0 8b d3 8b 


Register to memory mapping:

RAX=0x0000000000000002 is an unknown value
RBX=0x0000000000000002 is an unknown value
RCX=0x200000005b1419d8 is an unknown value
RDX=0x000000000000000c is an unknown value
RSP=0x0000000056d9bce0 is pointing into the stack for thread: 0x0000000055e43800
RBP=0x000000005997e870 is an unknown value
RSI=0x0000000000000000 is an unknown value
RDI=0x0000000000000002 is an unknown value
R8 =0x0000000000000001 is an unknown value
R9 =0x0000000000000000 is an unknown value
R10=0x000000007018df90 is an unknown value
R11=0x000000006f970000 is an unknown value
R12=0x0000000059b5e3a0 is an unknown value
R13=0x000000005b1e69a0 is an unknown value
R14=0x0000000000035a20 is an unknown value
R15=0x0000000000000001 is an unknown value


Stack: [0x0000000056ca0000,0x0000000056da0000],  sp=0x0000000056d9bce0,  free space=1007k
Native frames: (J=compiled Java code, j=interpreted, Vv=VM code, C=native code)
V  [jvm.dll+0x4bb0b2]
V  [jvm.dll+0x4bb8ee]
V  [jvm.dll+0x469313]
V  [jvm.dll+0x4745bb]
V  [jvm.dll+0x476ec7]
V  [jvm.dll+0x4598c2]
V  [jvm.dll+0xa5dc2]
V  [jvm.dll+0xa66ff]
V  [jvm.dll+0x24524f]
V  [jvm.dll+0x29ca6a]
C  [msvcr100.dll+0x21d9f]
C  [msvcr100.dll+0x21e3b]
C  [kernel32.dll+0x1f56d]
C  [ntdll.dll+0x33281]


Current CompileTask:
C2:   4317 3017       4       java.net.URLClassLoader$1::run (5 bytes)


---------------  P R O C E S S  ---------------

Java Threads: ( => current thread )
  0x0000000055e4c000 JavaThread "Service Thread" daemon [_thread_blocked, id=3468, stack(0x0000000057040000,0x0000000057140000)]
  0x0000000055e4b800 JavaThread "C1 CompilerThread1" daemon [_thread_in_native, id=5108, stack(0x00000000571f0000,0x00000000572f0000)]
=>0x0000000055e43800 JavaThread "C2 CompilerThread0" daemon [_thread_in_native, id=3384, stack(0x0000000056ca0000,0x0000000056da0000)]
  0x0000000055e41800 JavaThread "Attach Listener" daemon [_thread_blocked, id=4020, stack(0x0000000056f10000,0x0000000057010000)]
  0x0000000055e51800 JavaThread "Signal Dispatcher" daemon [_thread_blocked, id=3128, stack(0x0000000056de0000,0x0000000056ee0000)]
  0x0000000055e29800 JavaThread "Finalizer" daemon [_thread_blocked, id=3832, stack(0x0000000056b00000,0x0000000056c00000)]
  0x0000000055de6000 JavaThread "Reference Handler" daemon [_thread_blocked, id=3748, stack(0x0000000056750000,0x0000000056850000)]
  0x000000000222f000 JavaThread "main" [_thread_in_vm, id=3816, stack(0x0000000002260000,0x0000000002360000)]

Other Threads:
  0x0000000055dde000 VMThread [stack: 0x00000000568a0000,0x00000000569a0000] [id=3608]
  0x0000000055eaf000 WatcherThread [stack: 0x00000000577d0000,0x00000000578d0000] [id=1052]

VM state:not at safepoint (normal execution)

VM Mutex/Monitor currently owned by a thread: None

Heap:
 PSYoungGen      total 101888K, used 27633K [0x00000000e0b00000, 0x00000000ede00000, 0x0000000100000000)
  eden space 98304K, 24% used [0x00000000e0b00000,0x00000000e2280498,0x00000000e6b00000)
  from space 3584K, 99% used [0x00000000e6b00000,0x00000000e6e7c030,0x00000000e6e80000)
  to   space 9728K, 0% used [0x00000000ed480000,0x00000000ed480000,0x00000000ede00000)
 ParOldGen       total 64512K, used 12436K [0x00000000a2000000, 0x00000000a5f00000, 0x00000000e0b00000)
  object space 64512K, 19% used [0x00000000a2000000,0x00000000a2c252e8,0x00000000a5f00000)
 Metaspace       used 18768K, capacity 19318K, committed 19584K, reserved 1067008K
  class space    used 2236K, capacity 2363K, committed 2432K, reserved 1048576K

Card table byte_map: [0x00000000119f0000,0x0000000011cf0000] byte_map_base: 0x00000000114e0000

Marking Bits: (ParMarkBitMap*) 0x000000007018d850
 Begin Bits: [0x00000000122c0000, 0x0000000013a40000)
 End Bits:   [0x0000000013a40000, 0x00000000151c0000)

Polling page: 0x0000000000130000

CodeCache: size=245760Kb used=10520Kb max_used=10520Kb free=235239Kb
 bounds [0x0000000002630000, 0x0000000003080000, 0x0000000011630000]
 total_blobs=3443 nmethods=3085 adapters=271
 compilation: enabled

Compilation events (10 events):
Event: 4.302 Thread 0x0000000055e4b800 nmethod 3074 0x000000000306ab50 code [0x000000000306ad00, 0x000000000306b148]
Event: 4.302 Thread 0x0000000055e4b800 3075       1       com.sun.tools.javac.parser.Tokens$NamedToken::name (5 bytes)
Event: 4.302 Thread 0x0000000055e4b800 nmethod 3075 0x000000000306b450 code [0x000000000306b5a0, 0x000000000306b6b0]
Event: 4.302 Thread 0x0000000055e4b800 3076       3       com.sun.tools.javac.parser.Tokens$Token::checkKind (43 bytes)
Event: 4.302 Thread 0x0000000055e4b800 nmethod 3076 0x000000000306b710 code [0x000000000306b900, 0x000000000306c318]
Event: 4.302 Thread 0x0000000055e4b800 3077       3       com.sun.tools.javac.util.List::nonEmpty (13 bytes)
Event: 4.302 Thread 0x0000000055e4b800 nmethod 3077 0x000000000306c7d0 code [0x000000000306c920, 0x000000000306cad0]
Event: 4.303 Thread 0x0000000055e4b800 3078       3       com.sun.tools.javac.parser.UnicodeReader::name (17 bytes)
Event: 4.304 Thread 0x0000000055e4b800 nmethod 3078 0x000000000306cb50 code [0x000000000306ccc0, 0x000000000306cf68]
Event: 4.304 Thread 0x0000000055e4b800 3080       3       com.sun.tools.javac.parser.JavaTokenizer::scanIdent (739 bytes)

GC Heap History (10 events):
Event: 0.505 GC heap before
{Heap before GC invocations=1 (full 0):
 PSYoungGen      total 28160K, used 24576K [0x00000000e0b00000, 0x00000000e2a00000, 0x0000000100000000)
  eden space 24576K, 100% used [0x00000000e0b00000,0x00000000e2300000,0x00000000e2300000)
  from space 3584K, 0% used [0x00000000e2680000,0x00000000e2680000,0x00000000e2a00000)
  to   space 3584K, 0% used [0x00000000e2300000,0x00000000e2300000,0x00000000e2680000)
 ParOldGen       total 64512K, used 0K [0x00000000a2000000, 0x00000000a5f00000, 0x00000000e0b00000)
  object space 64512K, 0% used [0x00000000a2000000,0x00000000a2000000,0x00000000a5f00000)
 Metaspace       used 6998K, capacity 7240K, committed 7424K, reserved 1056768K
  class space    used 867K, capacity 924K, committed 1024K, reserved 1048576K
Event: 0.514 GC heap after
Heap after GC invocations=1 (full 0):
 PSYoungGen      total 28160K, used 3573K [0x00000000e0b00000, 0x00000000e4200000, 0x0000000100000000)
  eden space 24576K, 0% used [0x00000000e0b00000,0x00000000e0b00000,0x00000000e2300000)
  from space 3584K, 99% used [0x00000000e2300000,0x00000000e267d748,0x00000000e2680000)
  to   space 3584K, 0% used [0x00000000e3e80000,0x00000000e3e80000,0x00000000e4200000)
 ParOldGen       total 64512K, used 109K [0x00000000a2000000, 0x00000000a5f00000, 0x00000000e0b00000)
  object space 64512K, 0% used [0x00000000a2000000,0x00000000a201b6a8,0x00000000a5f00000)
 Metaspace       used 6998K, capacity 7240K, committed 7424K, reserved 1056768K
  class space    used 867K, capacity 924K, committed 1024K, reserved 1048576K
}
Event: 0.905 GC heap before
{Heap before GC invocations=2 (full 0):
 PSYoungGen      total 28160K, used 28149K [0x00000000e0b00000, 0x00000000e4200000, 0x0000000100000000)
  eden space 24576K, 100% used [0x00000000e0b00000,0x00000000e2300000,0x00000000e2300000)
  from space 3584K, 99% used [0x00000000e2300000,0x00000000e267d748,0x00000000e2680000)
  to   space 3584K, 0% used [0x00000000e3e80000,0x00000000e3e80000,0x00000000e4200000)
 ParOldGen       total 64512K, used 109K [0x00000000a2000000, 0x00000000a5f00000, 0x00000000e0b00000)
  object space 64512K, 0% used [0x00000000a2000000,0x00000000a201b6a8,0x00000000a5f00000)
 Metaspace       used 9742K, capacity 9960K, committed 10112K, reserved 1058816K
  class space    used 1249K, capacity 1313K, committed 1408K, reserved 1048576K
Event: 0.923 GC heap after
Heap after GC invocations=2 (full 0):
 PSYoungGen      total 52736K, used 3566K [0x00000000e0b00000, 0x00000000e4200000, 0x0000000100000000)
  eden space 49152K, 0% used [0x00000000e0b00000,0x00000000e0b00000,0x00000000e3b00000)
  from space 3584K, 99% used [0x00000000e3e80000,0x00000000e41fbab0,0x00000000e4200000)
  to   space 3584K, 0% used [0x00000000e3b00000,0x00000000e3b00000,0x00000000e3e80000)
 ParOldGen       total 64512K, used 1241K [0x00000000a2000000, 0x00000000a5f00000, 0x00000000e0b00000)
  object space 64512K, 1% used [0x00000000a2000000,0x00000000a2136470,0x00000000a5f00000)
 Metaspace       used 9742K, capacity 9960K, committed 10112K, reserved 1058816K
  class space    used 1249K, capacity 1313K, committed 1408K, reserved 1048576K
}
Event: 1.648 GC heap before
{Heap before GC invocations=3 (full 0):
 PSYoungGen      total 52736K, used 52718K [0x00000000e0b00000, 0x00000000e4200000, 0x0000000100000000)
  eden space 49152K, 100% used [0x00000000e0b00000,0x00000000e3b00000,0x00000000e3b00000)
  from space 3584K, 99% used [0x00000000e3e80000,0x00000000e41fbab0,0x00000000e4200000)
  to   space 3584K, 0% used [0x00000000e3b00000,0x00000000e3b00000,0x00000000e3e80000)
 ParOldGen       total 64512K, used 1241K [0x00000000a2000000, 0x00000000a5f00000, 0x00000000e0b00000)
  object space 64512K, 1% used [0x00000000a2000000,0x00000000a2136470,0x00000000a5f00000)
 Metaspace       used 12661K, capacity 12996K, committed 13184K, reserved 1060864K
  class space    used 1539K, capacity 1618K, committed 1664K, reserved 1048576K
Event: 1.658 GC heap after
Heap after GC invocations=3 (full 0):
 PSYoungGen      total 52736K, used 3568K [0x00000000e0b00000, 0x00000000e7200000, 0x0000000100000000)
  eden space 49152K, 0% used [0x00000000e0b00000,0x00000000e0b00000,0x00000000e3b00000)
  from space 3584K, 99% used [0x00000000e3b00000,0x00000000e3e7c030,0x00000000e3e80000)
  to   space 3584K, 0% used [0x00000000e6e80000,0x00000000e6e80000,0x00000000e7200000)
 ParOldGen       total 64512K, used 5122K [0x00000000a2000000, 0x00000000a5f00000, 0x00000000e0b00000)
  object space 64512K, 7% used [0x00000000a2000000,0x00000000a2500980,0x00000000a5f00000)
 Metaspace       used 12661K, capacity 12996K, committed 13184K, reserved 1060864K
  class space    used 1539K, capacity 1618K, committed 1664K, reserved 1048576K
}
Event: 2.574 GC heap before
{Heap before GC invocations=4 (full 0):
 PSYoungGen      total 52736K, used 52720K [0x00000000e0b00000, 0x00000000e7200000, 0x0000000100000000)
  eden space 49152K, 100% used [0x00000000e0b00000,0x00000000e3b00000,0x00000000e3b00000)
  from space 3584K, 99% used [0x00000000e3b00000,0x00000000e3e7c030,0x00000000e3e80000)
  to   space 3584K, 0% used [0x00000000e6e80000,0x00000000e6e80000,0x00000000e7200000)
 ParOldGen       total 64512K, used 5122K [0x00000000a2000000, 0x00000000a5f00000, 0x00000000e0b00000)
  object space 64512K, 7% used [0x00000000a2000000,0x00000000a2500980,0x00000000a5f00000)
 Metaspace       used 13313K, capacity 13628K, committed 13696K, reserved 1060864K
  class space    used 1594K, capacity 1658K, committed 1664K, reserved 1048576K
Event: 2.583 GC heap after
Heap after GC invocations=4 (full 0):
 PSYoungGen      total 101888K, used 3552K [0x00000000e0b00000, 0x00000000e7200000, 0x0000000100000000)
  eden space 98304K, 0% used [0x00000000e0b00000,0x00000000e0b00000,0x00000000e6b00000)
  from space 3584K, 99% used [0x00000000e6e80000,0x00000000e71f8020,0x00000000e7200000)
  to   space 3584K, 0% used [0x00000000e6b00000,0x00000000e6b00000,0x00000000e6e80000)
 ParOldGen       total 64512K, used 7483K [0x00000000a2000000, 0x00000000a5f00000, 0x00000000e0b00000)
  object space 64512K, 11% used [0x00000000a2000000,0x00000000a274ecd8,0x00000000a5f00000)
 Metaspace       used 13313K, capacity 13628K, committed 13696K, reserved 1060864K
  class space    used 1594K, capacity 1658K, committed 1664K, reserved 1048576K
}
Event: 4.181 GC heap before
{Heap before GC invocations=5 (full 0):
 PSYoungGen      total 101888K, used 101851K [0x00000000e0b00000, 0x00000000e7200000, 0x0000000100000000)
  eden space 98304K, 99% used [0x00000000e0b00000,0x00000000e6afebf0,0x00000000e6b00000)
  from space 3584K, 99% used [0x00000000e6e80000,0x00000000e71f8020,0x00000000e7200000)
  to   space 3584K, 0% used [0x00000000e6b00000,0x00000000e6b00000,0x00000000e6e80000)
 ParOldGen       total 64512K, used 7483K [0x00000000a2000000, 0x00000000a5f00000, 0x00000000e0b00000)
  object space 64512K, 11% used [0x00000000a2000000,0x00000000a274ecd8,0x00000000a5f00000)
 Metaspace       used 18140K, capacity 18646K, committed 18688K, reserved 1064960K
  class space    used 2168K, capacity 2267K, committed 2304K, reserved 1048576K
Event: 4.211 GC heap after
Heap after GC invocations=5 (full 0):
 PSYoungGen      total 101888K, used 3568K [0x00000000e0b00000, 0x00000000ede00000, 0x0000000100000000)
  eden space 98304K, 0% used [0x00000000e0b00000,0x00000000e0b00000,0x00000000e6b00000)
  from space 3584K, 99% used [0x00000000e6b00000,0x00000000e6e7c030,0x00000000e6e80000)
  to   space 9728K, 0% used [0x00000000ed480000,0x00000000ed480000,0x00000000ede00000)
 ParOldGen       total 64512K, used 12436K [0x00000000a2000000, 0x00000000a5f00000, 0x00000000e0b00000)
  object space 64512K, 19% used [0x00000000a2000000,0x00000000a2c252e8,0x00000000a5f00000)
 Metaspace       used 18140K, capacity 18646K, committed 18688K, reserved 1064960K
  class space    used 2168K, capacity 2267K, committed 2304K, reserved 1048576K
}

Deoptimization events (10 events):
Event: 3.740 Thread 0x000000000222f000 Uncommon trap: reason=unstable_if action=reinterpret pc=0x0000000002c9b82c method=java.util.regex.Pattern.has(I)Z @ 6
Event: 4.172 Thread 0x000000000222f000 Uncommon trap: reason=unstable_if action=reinterpret pc=0x0000000002ec8628 method=java.util.jar.Manifest$FastInputStream.readLine([BII)I @ 87
Event: 4.231 Thread 0x000000000222f000 Uncommon trap: reason=unstable_if action=reinterpret pc=0x0000000002ffe63c method=java.util.jar.Attributes$Name.isDigit(C)Z @ 3
Event: 4.259 Thread 0x000000000222f000 Uncommon trap: reason=class_check action=maybe_recompile pc=0x00000000027d5a54 method=sun.misc.URLClassPath.getLoader(I)Lsun/misc/URLClassPath$Loader; @ 94
Event: 4.261 Thread 0x000000000222f000 Uncommon trap: reason=unstable_if action=reinterpret pc=0x00000000027dad64 method=sun.misc.URLClassPath$JarLoader.getResource(Ljava/lang/String;Z)Lsun/misc/Resource; @ 62
Event: 4.262 Thread 0x000000000222f000 Uncommon trap: reason=unstable_if action=reinterpret pc=0x00000000027d4fc0 method=java.util.HashMap.putVal(ILjava/lang/Object;Ljava/lang/Object;ZZ)Ljava/lang/Object; @ 193
Event: 4.271 Thread 0x000000000222f000 Uncommon trap: reason=bimorphic action=maybe_recompile pc=0x0000000002dcb438 method=java.util.regex.Pattern$BmpCharProperty.match(Ljava/util/regex/Matcher;ILjava/lang/CharSequence;)Z @ 16
Event: 4.271 Thread 0x000000000222f000 Uncommon trap: reason=bimorphic action=maybe_recompile pc=0x0000000002dcb438 method=java.util.regex.Pattern$BmpCharProperty.match(Ljava/util/regex/Matcher;ILjava/lang/CharSequence;)Z @ 16
Event: 4.271 Thread 0x000000000222f000 Uncommon trap: reason=bimorphic action=maybe_recompile pc=0x0000000002dcb438 method=java.util.regex.Pattern$BmpCharProperty.match(Ljava/util/regex/Matcher;ILjava/lang/CharSequence;)Z @ 16
Event: 4.271 Thread 0x000000000222f000 Uncommon trap: reason=bimorphic action=maybe_recompile pc=0x0000000002dcb438 method=java.util.regex.Pattern$BmpCharProperty.match(Ljava/util/regex/Matcher;ILjava/lang/CharSequence;)Z @ 16

Internal exceptions (10 events):
Event: 0.652 Thread 0x000000000222f000 Exception <a 'java/lang/NoClassDefFoundError'> (0x00000000e15ea088) thrown at [C:\re\workspace\8-2-build-windows-amd64-cygwin\jdk8u144\9417\hotspot\src\share\vm\oops\instanceKlass.cpp, line 964]
Event: 1.346 Thread 0x000000000222f000 Implicit null exception at 0x00000000029ba0c5 to 0x00000000029ba299
Event: 1.346 Thread 0x000000000222f000 Implicit null exception at 0x0000000002930a6f to 0x0000000002930ad5
Event: 1.625 Thread 0x000000000222f000 Implicit null exception at 0x00000000029b7d6b to 0x00000000029b8321
Event: 1.687 Thread 0x000000000222f000 Exception <a 'java/lang/NoClassDefFoundError': org/slf4j/Logger> (0x00000000e0e52ce0) thrown at [C:\re\workspace\8-2-build-windows-amd64-cygwin\jdk8u144\9417\hotspot\src\share\vm\oops\constantPool.cpp, line 235]
Event: 1.975 Thread 0x000000000222f000 Implicit null exception at 0x0000000002bdb84e to 0x0000000002bdcb95
Event: 2.875 Thread 0x000000000222f000 Exception <a 'java/lang/NoClassDefFoundError': org/slf4j/Logger> (0x00000000e2a5f7f8) thrown at [C:\re\workspace\8-2-build-windows-amd64-cygwin\jdk8u144\9417\hotspot\src\share\vm\oops\constantPool.cpp, line 235]
Event: 2.979 Thread 0x000000000222f000 Exception <a 'java/lang/NoClassDefFoundError': org/slf4j/Logger> (0x00000000e32c9120) thrown at [C:\re\workspace\8-2-build-windows-amd64-cygwin\jdk8u144\9417\hotspot\src\share\vm\oops\constantPool.cpp, line 235]
Event: 3.612 Thread 0x000000000222f000 Exception <a 'java/lang/NoClassDefFoundError': org/slf4j/Logger> (0x00000000e469b4d0) thrown at [C:\re\workspace\8-2-build-windows-amd64-cygwin\jdk8u144\9417\hotspot\src\share\vm\oops\constantPool.cpp, line 235]
Event: 3.670 Thread 0x000000000222f000 Exception <a 'java/lang/ClassNotFoundException': com/sun/tools/javac/api/JavacTool> (0x00000000e4945248) thrown at [C:\re\workspace\8-2-build-windows-amd64-cygwin\jdk8u144\9417\hotspot\src\share\vm\classfile\systemDictionary.cpp, line 210]

Events (10 events):
Event: 4.288 loading class com/sun/tools/javac/code/BoundKind
Event: 4.288 loading class com/sun/tools/javac/code/BoundKind done
Event: 4.302 loading class com/sun/tools/javac/util/Position
Event: 4.302 loading class com/sun/tools/javac/util/Position done
Event: 4.303 loading class com/sun/tools/javac/util/Position$LineMapImpl
Event: 4.303 loading class com/sun/tools/javac/util/Position$LineMapImpl done
Event: 4.303 loading class com/sun/tools/javac/util/Position$LineMap
Event: 4.303 loading class com/sun/tools/javac/util/Position$LineMap done
Event: 4.303 loading class com/sun/tools/javac/util/Position$LineTabMapImpl
Event: 4.303 loading class com/sun/tools/javac/util/Position$LineTabMapImpl done


Dynamic libraries:
0x000000013f930000 - 0x000000013f967000 	C:\Program Files\Java\jdk1.8.0_144\bin\java.exe
0x0000000077600000 - 0x00000000777ab000 	C:\Windows\SYSTEM32\ntdll.dll
0x00000000774e0000 - 0x00000000775ff000 	C:\Windows\system32\kernel32.dll
0x000007fefd750000 - 0x000007fefd7bb000 	C:\Windows\system32\KERNELBASE.dll
0x000007fefd990000 - 0x000007fefda6b000 	C:\Windows\system32\ADVAPI32.dll
0x000007fefe520000 - 0x000007fefe5bf000 	C:\Windows\system32\msvcrt.dll
0x000007fefe5c0000 - 0x000007fefe5df000 	C:\Windows\SYSTEM32\sechost.dll
0x000007fefe380000 - 0x000007fefe4ae000 	C:\Windows\system32\RPCRT4.dll
0x00000000773e0000 - 0x00000000774da000 	C:\Windows\system32\USER32.dll
0x000007fefe5e0000 - 0x000007fefe647000 	C:\Windows\system32\GDI32.dll
0x000007fefd980000 - 0x000007fefd98e000 	C:\Windows\system32\LPK.dll
0x000007fefda70000 - 0x000007fefdb3a000 	C:\Windows\system32\USP10.dll
0x000007fefc010000 - 0x000007fefc204000 	C:\Windows\WinSxS\amd64_microsoft.windows.common-controls_6595b64144ccf1df_6.0.7600.16385_none_fa645303170382f6\COMCTL32.dll
0x000007fefdcc0000 - 0x000007fefdd31000 	C:\Windows\system32\SHLWAPI.dll
0x000007fefe860000 - 0x000007fefe88e000 	C:\Windows\system32\IMM32.DLL
0x000007fefe8a0000 - 0x000007fefe9a9000 	C:\Windows\system32\MSCTF.dll
0x00000000709d0000 - 0x0000000070aa2000 	C:\Program Files\Java\jdk1.8.0_144\jre\bin\msvcr100.dll
0x000000006f970000 - 0x000000007020d000 	C:\Program Files\Java\jdk1.8.0_144\jre\bin\server\jvm.dll
0x000007fef6a30000 - 0x000007fef6a39000 	C:\Windows\system32\WSOCK32.dll
0x000007fefd930000 - 0x000007fefd97d000 	C:\Windows\system32\WS2_32.dll
0x000007fefe890000 - 0x000007fefe898000 	C:\Windows\system32\NSI.dll
0x000007fef6c40000 - 0x000007fef6c7b000 	C:\Windows\system32\WINMM.dll
0x000007fefc6d0000 - 0x000007fefc6dc000 	C:\Windows\system32\VERSION.dll
0x00000000777d0000 - 0x00000000777d7000 	C:\Windows\system32\PSAPI.DLL
0x00000000709c0000 - 0x00000000709cf000 	C:\Program Files\Java\jdk1.8.0_144\jre\bin\verify.dll
0x0000000070990000 - 0x00000000709b9000 	C:\Program Files\Java\jdk1.8.0_144\jre\bin\java.dll
0x0000000070970000 - 0x0000000070986000 	C:\Program Files\Java\jdk1.8.0_144\jre\bin\zip.dll
0x000007fefeae0000 - 0x000007feff866000 	C:\Windows\system32\SHELL32.dll
0x000007fefe650000 - 0x000007fefe851000 	C:\Windows\system32\ole32.dll
0x000007fefd560000 - 0x000007fefd56f000 	C:\Windows\system32\profapi.dll
0x000007fefd430000 - 0x000007fefd487000 	C:\Windows\system32\apphelp.dll
0x0000000070950000 - 0x000000007096a000 	C:\Program Files\Java\jdk1.8.0_144\jre\bin\net.dll
0x000007fefcd90000 - 0x000007fefcde4000 	C:\Windows\system32\mswsock.dll
0x000007fefcd80000 - 0x000007fefcd87000 	C:\Windows\System32\wship6.dll
0x0000000070930000 - 0x0000000070941000 	C:\Program Files\Java\jdk1.8.0_144\jre\bin\nio.dll
0x000007fef6b10000 - 0x000007fef6c35000 	C:\Windows\system32\dbghelp.dll

VM Arguments:
jvm_args: -Dclassworlds.conf=C:\Program Files\NetBeans 8.2\java\maven\bin\m2.conf -Dmaven.home=C:\Program Files\NetBeans 8.2\java\maven 
java_command: org.codehaus.plexus.classworlds.launcher.Launcher -Dmaven.ext.class.path=C:\Program Files\NetBeans 8.2\java\maven-nblib\netbeans-eventspy.jar -Dfile.encoding=UTF-8 clean install
java_class_path (initial): C:\Program Files\NetBeans 8.2\java\maven\boot\plexus-classworlds-2.4.jar
Launcher Type: SUN_STANDARD

Environment Variables:
JAVA_HOME=C:\Program Files\Java\jdk1.8.0_144
PATH=C:\ProgramData\Oracle\Java\javapath;C:\Windows\system32;C:\Windows;C:\Windows\System32\Wbem;C:\Windows\System32\WindowsPowerShell\v1.0\;C:\Program Files (x86)\Lua\5.1;C:\Program Files (x86)\Lua\5.1\clibs;C:\Program Files\Git\cmd;;C:\Program Files\Microsoft VS Code\bin
USERNAME=BBLBPC
OS=Windows_NT
PROCESSOR_IDENTIFIER=Intel64 Family 6 Model 60 Stepping 3, GenuineIntel



---------------  S Y S T E M  ---------------

OS: Windows 7 , 64 bit Build 7600 (6.1.7600.16385)

CPU:total 2 (initial active 2) (2 cores per cpu, 1 threads per core) family 6 model 60 stepping 3, cmov, cx8, fxsr, mmx, sse, sse2, sse3, ssse3, sse4.1, sse4.2, popcnt, clmul, erms, lzcnt, tsc, tscinvbit

Memory: 4k page, physical 6159368k(3912204k free), swap 6157472k(3318288k free)

vm_info: Java HotSpot(TM) 64-Bit Server VM (25.144-b01) for windows-amd64 JRE (1.8.0_144-b01), built on Jul 21 2017 21:57:33 by "java_re" with MS VC++ 10.0 (VS2010)

time: Tue Jul 10 20:53:42 2018
elapsed time: 4 seconds (0d 0h 0m 4s)

