#
# There is insufficient memory for the Java Runtime Environment to continue.
# Native memory allocation (malloc) failed to allocate 283824 bytes for Chunk::new
# Possible reasons:
#   The system is out of physical RAM or swap space
#   In 32 bit mode, the process size limit was hit
# Possible solutions:
#   Reduce memory load on the system
#   Increase physical memory or swap space
#   Check if swap backing store is full
#   Use 64 bit Java on a 64 bit OS
#   Decrease Java heap size (-Xmx/-Xms)
#   Decrease number of Java threads
#   Decrease Java thread stack sizes (-Xss)
#   Set larger code cache with -XX:ReservedCodeCacheSize=
# This output file may be truncated or incomplete.
#
#  Out of Memory Error (allocation.cpp:390), pid=892, tid=0x00000000000015c0
#
# JRE version: Java(TM) SE Runtime Environment (8.0_144-b01) (build 1.8.0_144-b01)
# Java VM: Java HotSpot(TM) 64-Bit Server VM (25.144-b01 mixed mode windows-amd64 compressed oops)
# Failed to write core dump. Minidumps are not enabled by default on client versions of Windows
#

---------------  T H R E A D  ---------------

Current thread (0x0000000055fca800):  JavaThread "C2 CompilerThread0" daemon [_thread_in_native, id=5568, stack(0x0000000057160000,0x0000000057260000)]

Stack: [0x0000000057160000,0x0000000057260000]
[error occurred during error reporting (printing stack bounds), id 0xc0000005]

Native frames: (J=compiled Java code, j=interpreted, Vv=VM code, C=native code)


Current CompileTask:
C2:   2069 1674       4       java.text.SimpleDateFormat::subFormat (1260 bytes)


---------------  P R O C E S S  ---------------

Java Threads: ( => current thread )
  0x0000000057e5b000 JavaThread "pool-1-thread-1" [_thread_blocked, id=5960, stack(0x0000000058ee0000,0x0000000058fe0000)]
  0x0000000055fdc000 JavaThread "Service Thread" daemon [_thread_blocked, id=5964, stack(0x00000000569c0000,0x0000000056ac0000)]
  0x0000000055fd0000 JavaThread "C1 CompilerThread1" daemon [_thread_blocked, id=3700, stack(0x0000000057310000,0x0000000057410000)]
=>0x0000000055fca800 JavaThread "C2 CompilerThread0" daemon [_thread_in_native, id=5568, stack(0x0000000057160000,0x0000000057260000)]
  0x0000000055fc9000 JavaThread "Attach Listener" daemon [_thread_blocked, id=3824, stack(0x0000000057030000,0x0000000057130000)]
  0x0000000055fc7800 JavaThread "Signal Dispatcher" daemon [_thread_blocked, id=4208, stack(0x0000000056ec0000,0x0000000056fc0000)]
  0x0000000055fae800 JavaThread "Finalizer" daemon [_thread_blocked, id=556, stack(0x0000000056cb0000,0x0000000056db0000)]
  0x0000000055f65000 JavaThread "Reference Handler" daemon [_thread_blocked, id=2840, stack(0x0000000056ac0000,0x0000000056bc0000)]
  0x0000000001dce000 JavaThread "main" [_thread_blocked, id=5116, stack(0x00000000024d0000,0x00000000025d0000)]

Other Threads:
  0x0000000055f5d000 VMThread [stack: 0x00000000567e0000,0x00000000568e0000] [id=4476]
  0x0000000057425000 WatcherThread [stack: 0x00000000578b0000,0x00000000579b0000] [id=3312]

VM state:at safepoint (normal execution)

VM Mutex/Monitor currently owned by a thread:  ([mutex/lock_event])
[0x0000000001dcc350] Threads_lock - owner thread: 0x0000000055f5d000
[0x0000000001dcc850] Heap_lock - owner thread: 0x0000000001dce000

Heap:
 PSYoungGen      total 50688K, used 46096K [0x00000000e0b00000, 0x00000000e4400000, 0x0000000100000000)
  eden space 44544K, 100% used [0x00000000e0b00000,0x00000000e3680000,0x00000000e3680000)
  from space 6144K, 25% used [0x00000000e3d00000,0x00000000e3e84088,0x00000000e4300000)
  to   space 6656K, 14% used [0x00000000e3680000,0x00000000e3778348,0x00000000e3d00000)
 ParOldGen       total 35840K, used 4131K [0x00000000a2000000, 0x00000000a4300000, 0x00000000e0b00000)
  object space 35840K, 11% used [0x00000000a2000000,0x00000000a2408c68,0x00000000a4300000)
 Metaspace       used 25181K, capacity 25474K, committed 25984K, reserved 1071104K
  class space    used 3258K, capacity 3342K, committed 3456K, reserved 1048576K

Card table byte_map: [0x0000000011c60000,0x0000000011f60000] byte_map_base: 0x0000000011750000

Marking Bits: (ParMarkBitMap*) 0x000000006e5cd850
 Begin Bits: [0x0000000012440000, 0x0000000013bc0000)
 End Bits:   [0x0000000013bc0000, 0x0000000015340000)

Polling page: 0x0000000000330000

CodeCache: size=245760Kb used=5782Kb max_used=5782Kb free=239977Kb
 bounds [0x00000000028a0000, 0x0000000002e50000, 0x00000000118a0000]
 total_blobs=2160 nmethods=1715 adapters=359
 compilation: enabled

Compilation events (10 events):
Event: 2.057 Thread 0x0000000055fd0000 1711       1       org.hibernate.persister.entity.AbstractEntityPersister::getIdentifierAliases (5 bytes)
Event: 2.057 Thread 0x0000000055fd0000 nmethod 1711 0x0000000002e45bd0 code [0x0000000002e45d20, 0x0000000002e45e30]
Event: 2.057 Thread 0x0000000055fd0000 1712       3       org.hibernate.sql.SelectFragment::addColumnTemplate (8 bytes)
Event: 2.057 Thread 0x0000000055fd0000 nmethod 1712 0x0000000002e45e90 code [0x0000000002e46040, 0x0000000002e464c8]
Event: 2.057 Thread 0x0000000055fd0000 1713   !   3       java.io.PrintWriter::println (27 bytes)
Event: 2.058 Thread 0x0000000055fd0000 nmethod 1713 0x0000000002e46790 code [0x0000000002e46940, 0x0000000002e46f18]
Event: 2.058 Thread 0x0000000055fd0000 1714       3       java.util.Arrays::fill (21 bytes)
Event: 2.058 Thread 0x0000000055fd0000 nmethod 1714 0x0000000002e47290 code [0x0000000002e47400, 0x0000000002e475f0]
Event: 2.058 Thread 0x0000000055fd0000 1715       3       org.hibernate.loader.plan.build.spi.TreePrinterHelper::generateNodePrefix (27 bytes)
Event: 2.058 Thread 0x0000000055fd0000 nmethod 1715 0x0000000002e476d0 code [0x0000000002e478e0, 0x0000000002e48538]

GC Heap History (10 events):
Event: 1.566 GC heap before
{Heap before GC invocations=5 (full 0):
 PSYoungGen      total 28160K, used 28138K [0x00000000e0b00000, 0x00000000e2a00000, 0x0000000100000000)
  eden space 24576K, 99% used [0x00000000e0b00000,0x00000000e22fd508,0x00000000e2300000)
  from space 3584K, 99% used [0x00000000e2680000,0x00000000e29fd480,0x00000000e2a00000)
  to   space 3584K, 0% used [0x00000000e2300000,0x00000000e2300000,0x00000000e2680000)
 ParOldGen       total 64512K, used 3932K [0x00000000a2000000, 0x00000000a5f00000, 0x00000000e0b00000)
  object space 64512K, 6% used [0x00000000a2000000,0x00000000a23d7158,0x00000000a5f00000)
 Metaspace       used 20677K, capacity 20962K, committed 21248K, reserved 1067008K
  class space    used 2690K, capacity 2753K, committed 2816K, reserved 1048576K
Event: 1.571 GC heap after
Heap after GC invocations=5 (full 0):
 PSYoungGen      total 28160K, used 3574K [0x00000000e0b00000, 0x00000000e2a00000, 0x0000000100000000)
  eden space 24576K, 0% used [0x00000000e0b00000,0x00000000e0b00000,0x00000000e2300000)
  from space 3584K, 99% used [0x00000000e2300000,0x00000000e267d9f0,0x00000000e2680000)
  to   space 3584K, 0% used [0x00000000e2680000,0x00000000e2680000,0x00000000e2a00000)
 ParOldGen       total 64512K, used 4312K [0x00000000a2000000, 0x00000000a5f00000, 0x00000000e0b00000)
  object space 64512K, 6% used [0x00000000a2000000,0x00000000a2436068,0x00000000a5f00000)
 Metaspace       used 20677K, capacity 20962K, committed 21248K, reserved 1067008K
  class space    used 2690K, capacity 2753K, committed 2816K, reserved 1048576K
}
Event: 1.582 GC heap before
{Heap before GC invocations=6 (full 0):
 PSYoungGen      total 28160K, used 6362K [0x00000000e0b00000, 0x00000000e2a00000, 0x0000000100000000)
  eden space 24576K, 11% used [0x00000000e0b00000,0x00000000e0db91c8,0x00000000e2300000)
  from space 3584K, 99% used [0x00000000e2300000,0x00000000e267d9f0,0x00000000e2680000)
  to   space 3584K, 0% used [0x00000000e2680000,0x00000000e2680000,0x00000000e2a00000)
 ParOldGen       total 64512K, used 4312K [0x00000000a2000000, 0x00000000a5f00000, 0x00000000e0b00000)
  object space 64512K, 6% used [0x00000000a2000000,0x00000000a2436068,0x00000000a5f00000)
 Metaspace       used 20756K, capacity 21026K, committed 21248K, reserved 1067008K
  class space    used 2699K, capacity 2753K, committed 2816K, reserved 1048576K
Event: 1.587 GC heap after
Heap after GC invocations=6 (full 0):
 PSYoungGen      total 28160K, used 3557K [0x00000000e0b00000, 0x00000000e2a00000, 0x0000000100000000)
  eden space 24576K, 0% used [0x00000000e0b00000,0x00000000e0b00000,0x00000000e2300000)
  from space 3584K, 99% used [0x00000000e2680000,0x00000000e29f9470,0x00000000e2a00000)
  to   space 3584K, 0% used [0x00000000e2300000,0x00000000e2300000,0x00000000e2680000)
 ParOldGen       total 64512K, used 4378K [0x00000000a2000000, 0x00000000a5f00000, 0x00000000e0b00000)
  object space 64512K, 6% used [0x00000000a2000000,0x00000000a2446848,0x00000000a5f00000)
 Metaspace       used 20756K, capacity 21026K, committed 21248K, reserved 1067008K
  class space    used 2699K, capacity 2753K, committed 2816K, reserved 1048576K
}
Event: 1.587 GC heap before
{Heap before GC invocations=7 (full 1):
 PSYoungGen      total 28160K, used 3557K [0x00000000e0b00000, 0x00000000e2a00000, 0x0000000100000000)
  eden space 24576K, 0% used [0x00000000e0b00000,0x00000000e0b00000,0x00000000e2300000)
  from space 3584K, 99% used [0x00000000e2680000,0x00000000e29f9470,0x00000000e2a00000)
  to   space 3584K, 0% used [0x00000000e2300000,0x00000000e2300000,0x00000000e2680000)
 ParOldGen       total 64512K, used 4378K [0x00000000a2000000, 0x00000000a5f00000, 0x00000000e0b00000)
  object space 64512K, 6% used [0x00000000a2000000,0x00000000a2446848,0x00000000a5f00000)
 Metaspace       used 20756K, capacity 21026K, committed 21248K, reserved 1067008K
  class space    used 2699K, capacity 2753K, committed 2816K, reserved 1048576K
Event: 1.614 GC heap after
Heap after GC invocations=7 (full 1):
 PSYoungGen      total 28160K, used 0K [0x00000000e0b00000, 0x00000000e2a00000, 0x0000000100000000)
  eden space 24576K, 0% used [0x00000000e0b00000,0x00000000e0b00000,0x00000000e2300000)
  from space 3584K, 0% used [0x00000000e2680000,0x00000000e2680000,0x00000000e2a00000)
  to   space 3584K, 0% used [0x00000000e2300000,0x00000000e2300000,0x00000000e2680000)
 ParOldGen       total 35840K, used 4131K [0x00000000a2000000, 0x00000000a4300000, 0x00000000e0b00000)
  object space 35840K, 11% used [0x00000000a2000000,0x00000000a2408c68,0x00000000a4300000)
 Metaspace       used 20756K, capacity 21026K, committed 21248K, reserved 1067008K
  class space    used 2699K, capacity 2753K, committed 2816K, reserved 1048576K
}
Event: 1.858 GC heap before
{Heap before GC invocations=8 (full 1):
 PSYoungGen      total 28160K, used 24576K [0x00000000e0b00000, 0x00000000e2a00000, 0x0000000100000000)
  eden space 24576K, 100% used [0x00000000e0b00000,0x00000000e2300000,0x00000000e2300000)
  from space 3584K, 0% used [0x00000000e2680000,0x00000000e2680000,0x00000000e2a00000)
  to   space 3584K, 0% used [0x00000000e2300000,0x00000000e2300000,0x00000000e2680000)
 ParOldGen       total 35840K, used 4131K [0x00000000a2000000, 0x00000000a4300000, 0x00000000e0b00000)
  object space 35840K, 11% used [0x00000000a2000000,0x00000000a2408c68,0x00000000a4300000)
 Metaspace       used 24262K, capacity 24632K, committed 25088K, reserved 1071104K
  class space    used 3131K, capacity 3211K, committed 3328K, reserved 1048576K
Event: 1.872 GC heap after
Heap after GC invocations=8 (full 1):
 PSYoungGen      total 28160K, used 3190K [0x00000000e0b00000, 0x00000000e4300000, 0x0000000100000000)
  eden space 24576K, 0% used [0x00000000e0b00000,0x00000000e0b00000,0x00000000e2300000)
  from space 3584K, 89% used [0x00000000e2300000,0x00000000e261d838,0x00000000e2680000)
  to   space 6144K, 0% used [0x00000000e3d00000,0x00000000e3d00000,0x00000000e4300000)
 ParOldGen       total 35840K, used 4131K [0x00000000a2000000, 0x00000000a4300000, 0x00000000e0b00000)
  object space 35840K, 11% used [0x00000000a2000000,0x00000000a2408c68,0x00000000a4300000)
 Metaspace       used 24262K, capacity 24632K, committed 25088K, reserved 1071104K
  class space    used 3131K, capacity 3211K, committed 3328K, reserved 1048576K
}
Event: 1.972 GC heap before
{Heap before GC invocations=9 (full 1):
 PSYoungGen      total 28160K, used 27750K [0x00000000e0b00000, 0x00000000e4300000, 0x0000000100000000)
  eden space 24576K, 99% used [0x00000000e0b00000,0x00000000e22fc258,0x00000000e2300000)
  from space 3584K, 89% used [0x00000000e2300000,0x00000000e261d838,0x00000000e2680000)
  to   space 6144K, 0% used [0x00000000e3d00000,0x00000000e3d00000,0x00000000e4300000)
 ParOldGen       total 35840K, used 4131K [0x00000000a2000000, 0x00000000a4300000, 0x00000000e0b00000)
  object space 35840K, 11% used [0x00000000a2000000,0x00000000a2408c68,0x00000000a4300000)
 Metaspace       used 25001K, capacity 25340K, committed 25728K, reserved 1071104K
  class space    used 3233K, capacity 3341K, committed 3456K, reserved 1048576K
Event: 1.977 GC heap after
Heap after GC invocations=9 (full 1):
 PSYoungGen      total 50688K, used 1552K [0x00000000e0b00000, 0x00000000e4400000, 0x0000000100000000)
  eden space 44544K, 0% used [0x00000000e0b00000,0x00000000e0b00000,0x00000000e3680000)
  from space 6144K, 25% used [0x00000000e3d00000,0x00000000e3e84088,0x00000000e4300000)
  to   space 6656K, 0% used [0x00000000e3680000,0x00000000e3680000,0x00000000e3d00000)
 ParOldGen       total 35840K, used 4131K [0x00000000a2000000, 0x00000000a4300000, 0x00000000e0b00000)
  object space 35840K, 11% used [0x00000000a2000000,0x00000000a2408c68,0x00000000a4300000)
 Metaspace       used 25001K, capacity 25340K, committed 25728K, reserved 1071104K
  class space    used 3233K, capacity 3341K, committed 3456K, reserved 1048576K
}

Deoptimization events (10 events):
Event: 0.845 Thread 0x0000000001dce000 Uncommon trap: reason=class_check action=maybe_recompile pc=0x0000000002b5a634 method=java.util.regex.Pattern$BmpCharProperty.match(Ljava/util/regex/Matcher;ILjava/lang/CharSequence;)Z @ 31
Event: 0.845 Thread 0x0000000001dce000 Uncommon trap: reason=class_check action=maybe_recompile pc=0x0000000002b5a634 method=java.util.regex.Pattern$BmpCharProperty.match(Ljava/util/regex/Matcher;ILjava/lang/CharSequence;)Z @ 31
Event: 1.070 Thread 0x0000000001dce000 Uncommon trap: reason=unstable_if action=reinterpret pc=0x0000000002bc69ac method=java.lang.CharacterDataLatin1.isWhitespace(I)Z @ 14
Event: 1.071 Thread 0x0000000001dce000 Uncommon trap: reason=unstable_if action=reinterpret pc=0x0000000002b5a5cc method=java.util.regex.Pattern$BmpCharProperty.match(Ljava/util/regex/Matcher;ILjava/lang/CharSequence;)Z @ 5
Event: 1.261 Thread 0x0000000001dce000 Uncommon trap: reason=unstable_if action=reinterpret pc=0x0000000002b2f5d4 method=java.io.WinNTFileSystem.normalize(Ljava/lang/String;)Ljava/lang/String; @ 128
Event: 1.684 Thread 0x0000000001dce000 Uncommon trap: reason=unstable_if action=reinterpret pc=0x0000000002d52c34 method=sun.nio.cs.SingleByte$Encoder.encodeArrayLoop(Ljava/nio/CharBuffer;Ljava/nio/ByteBuffer;)Ljava/nio/charset/CoderResult; @ 70
Event: 1.834 Thread 0x0000000001dce000 Uncommon trap: reason=unstable_if action=reinterpret pc=0x0000000002c4581c method=java.util.HashMap.putVal(ILjava/lang/Object;Ljava/lang/Object;ZZ)Ljava/lang/Object; @ 162
Event: 1.834 Thread 0x0000000001dce000 Uncommon trap: reason=unstable_if action=reinterpret pc=0x0000000002b31bec method=java.util.HashMap.getNode(ILjava/lang/Object;)Ljava/util/HashMap$Node; @ 84
Event: 1.834 Thread 0x0000000001dce000 Uncommon trap: reason=unstable_if action=reinterpret pc=0x0000000002aa0844 method=java.util.HashMap.getNode(ILjava/lang/Object;)Ljava/util/HashMap$Node; @ 84
Event: 1.835 Thread 0x0000000001dce000 Uncommon trap: reason=unstable_if action=reinterpret pc=0x0000000002c0d458 method=java.util.HashMap.putVal(ILjava/lang/Object;Ljava/lang/Object;ZZ)Ljava/lang/Object; @ 109

Internal exceptions (10 events):
Event: 0.479 Thread 0x0000000001dce000 Exception <a 'java/lang/ArrayIndexOutOfBoundsException'> (0x00000000e196ba90) thrown at [C:\re\workspace\8-2-build-windows-amd64-cygwin\jdk8u144\9417\hotspot\src\share\vm\runtime\sharedRuntime.cpp, line 605]
Event: 0.480 Thread 0x0000000001dce000 Exception <a 'java/lang/ClassNotFoundException': org/apache/log4j/LayoutCustomizer> (0x00000000e1976cd8) thrown at [C:\re\workspace\8-2-build-windows-amd64-cygwin\jdk8u144\9417\hotspot\src\share\vm\classfile\systemDictionary.cpp, line 210]
Event: 0.481 Thread 0x0000000001dce000 Exception <a 'java/lang/ClassNotFoundException': org/apache/log4j/PatternLayoutCustomizer> (0x00000000e1991438) thrown at [C:\re\workspace\8-2-build-windows-amd64-cygwin\jdk8u144\9417\hotspot\src\share\vm\classfile\systemDictionary.cpp, line 210]
Event: 0.545 Thread 0x0000000001dce000 Exception <a 'java/lang/NoSuchFieldError': method resolution failed> (0x00000000e1c440a8) thrown at [C:\re\workspace\8-2-build-windows-amd64-cygwin\jdk8u144\9417\hotspot\src\share\vm\prims\methodHandles.cpp, line 1146]
Event: 0.546 Thread 0x0000000001dce000 Exception <a 'java/lang/NoSuchFieldError': method resolution failed> (0x00000000e1c51798) thrown at [C:\re\workspace\8-2-build-windows-amd64-cygwin\jdk8u144\9417\hotspot\src\share\vm\prims\methodHandles.cpp, line 1146]
Event: 0.685 Thread 0x0000000001dce000 Exception <a 'java/lang/ClassNotFoundException': com/sun/org/glassfish/hk2/osgiresourcelocator/ServiceLoader> (0x00000000e1150590) thrown at [C:\re\workspace\8-2-build-windows-amd64-cygwin\jdk8u144\9417\hotspot\src\share\vm\classfile\systemDictionary.cpp,
Event: 0.687 Thread 0x0000000001dce000 Exception <a 'java/lang/NullPointerException'> (0x00000000e115aaa0) thrown at [C:\re\workspace\8-2-build-windows-amd64-cygwin\jdk8u144\9417\hotspot\src\share\vm\interpreter\linkResolver.cpp, line 1299]
Event: 0.710 Thread 0x0000000001dce000 Exception <a 'java/lang/ArrayIndexOutOfBoundsException': 67> (0x00000000e11fb580) thrown at [C:\re\workspace\8-2-build-windows-amd64-cygwin\jdk8u144\9417\hotspot\src\share\vm\interpreter\interpreterRuntime.cpp, line 366]
Event: 0.710 Thread 0x0000000001dce000 Exception <a 'java/lang/ArrayIndexOutOfBoundsException': 65> (0x00000000e11fca68) thrown at [C:\re\workspace\8-2-build-windows-amd64-cygwin\jdk8u144\9417\hotspot\src\share\vm\interpreter\interpreterRuntime.cpp, line 366]
Event: 1.195 Thread 0x0000000001dce000 Exception <a 'java/lang/reflect/InvocationTargetException'> (0x00000000e1677b40) thrown at [C:\re\workspace\8-2-build-windows-amd64-cygwin\jdk8u144\9417\hotspot\src\share\vm\runtime\reflection.cpp, line 1092]

Events (10 events):
Event: 2.010 loading class org/hibernate/engine/spi/CascadingActions$9
Event: 2.010 loading class org/hibernate/engine/spi/CascadingActions$9 done
Event: 2.011 loading class org/hibernate/loader/JoinWalker$AssociationInitCallback
Event: 2.011 loading class org/hibernate/loader/JoinWalker$AssociationInitCallback done
Event: 2.011 loading class org/hibernate/loader/JoinWalker$AssociationInitCallback$1
Event: 2.011 loading class org/hibernate/loader/JoinWalker$AssociationInitCallback$1 done
Event: 2.011 loading class org/hibernate/loader/JoinWalker$AssociationKey
Event: 2.011 loading class org/hibernate/loader/JoinWalker$AssociationKey done
Event: 2.011 loading class org/hibernate/loader/OuterJoinableAssociation
Event: 2.011 loading class org/hibernate/loader/OuterJoinableAssociation done


Dynamic libraries:
0x000000013f5e0000 - 0x000000013f617000 	C:\Program Files\Java\jdk1.8.0_144\jre\bin\java.exe
0x0000000077740000 - 0x00000000778eb000 	C:\Windows\SYSTEM32\ntdll.dll
0x0000000077520000 - 0x000000007763f000 	C:\Windows\system32\kernel32.dll
0x000007fefd830000 - 0x000007fefd89b000 	C:\Windows\system32\KERNELBASE.dll
0x000007fefe6e0000 - 0x000007fefe7bb000 	C:\Windows\system32\ADVAPI32.dll
0x000007fefdec0000 - 0x000007fefdf5f000 	C:\Windows\system32\msvcrt.dll
0x000007fefe5d0000 - 0x000007fefe5ef000 	C:\Windows\SYSTEM32\sechost.dll
0x000007fefe810000 - 0x000007fefe93e000 	C:\Windows\system32\RPCRT4.dll
0x0000000077640000 - 0x000000007773a000 	C:\Windows\system32\USER32.dll
0x000007fefeac0000 - 0x000007fefeb27000 	C:\Windows\system32\GDI32.dll
0x000007fefeb30000 - 0x000007fefeb3e000 	C:\Windows\system32\LPK.dll
0x000007fefe170000 - 0x000007fefe23a000 	C:\Windows\system32\USP10.dll
0x000007fefc150000 - 0x000007fefc344000 	C:\Windows\WinSxS\amd64_microsoft.windows.common-controls_6595b64144ccf1df_6.0.7600.16385_none_fa645303170382f6\COMCTL32.dll
0x000007fefdd60000 - 0x000007fefddd1000 	C:\Windows\system32\SHLWAPI.dll
0x000007fefe7c0000 - 0x000007fefe7ee000 	C:\Windows\system32\IMM32.DLL
0x000007fefe4c0000 - 0x000007fefe5c9000 	C:\Windows\system32\MSCTF.dll
0x000000006fd10000 - 0x000000006fde2000 	C:\Program Files\Java\jdk1.8.0_144\jre\bin\msvcr100.dll
0x000000006ddb0000 - 0x000000006e64d000 	C:\Program Files\Java\jdk1.8.0_144\jre\bin\server\jvm.dll
0x000007fef73d0000 - 0x000007fef73d9000 	C:\Windows\system32\WSOCK32.dll
0x000007fefec70000 - 0x000007fefecbd000 	C:\Windows\system32\WS2_32.dll
0x000007fefdaf0000 - 0x000007fefdaf8000 	C:\Windows\system32\NSI.dll
0x000007fef78d0000 - 0x000007fef790b000 	C:\Windows\system32\WINMM.dll
0x000007fefc810000 - 0x000007fefc81c000 	C:\Windows\system32\VERSION.dll
0x0000000077900000 - 0x0000000077907000 	C:\Windows\system32\PSAPI.DLL
0x0000000075000000 - 0x000000007500f000 	C:\Program Files\Java\jdk1.8.0_144\jre\bin\verify.dll
0x0000000071b20000 - 0x0000000071b49000 	C:\Program Files\Java\jdk1.8.0_144\jre\bin\java.dll
0x0000000073890000 - 0x00000000738a6000 	C:\Program Files\Java\jdk1.8.0_144\jre\bin\zip.dll
0x000007fefecc0000 - 0x000007feffa46000 	C:\Windows\system32\SHELL32.dll
0x000007fefdf60000 - 0x000007fefe161000 	C:\Windows\system32\ole32.dll
0x000007fefd6a0000 - 0x000007fefd6af000 	C:\Windows\system32\profapi.dll
0x0000000070520000 - 0x000000007053a000 	C:\Program Files\Java\jdk1.8.0_144\jre\bin\net.dll
0x000007fefced0000 - 0x000007fefcf24000 	C:\Windows\system32\mswsock.dll
0x000007fefcec0000 - 0x000007fefcec7000 	C:\Windows\System32\wship6.dll
0x000007fefc8e0000 - 0x000007fefc8e7000 	C:\Windows\System32\wshtcpip.dll
0x000007fefcd50000 - 0x000007fefcdab000 	C:\Windows\system32\DNSAPI.dll
0x000007fefb380000 - 0x000007fefb3a7000 	C:\Windows\system32\IPHLPAPI.DLL
0x000007fefb370000 - 0x000007fefb37b000 	C:\Windows\system32\WINNSI.DLL
0x000007fef7d80000 - 0x000007fef7d88000 	C:\Windows\system32\rasadhlp.dll
0x000007fefb1e0000 - 0x000007fefb233000 	C:\Windows\System32\fwpuclnt.dll
0x000007fefcf30000 - 0x000007fefcf47000 	C:\Windows\system32\CRYPTSP.dll
0x000007fefcc30000 - 0x000007fefcc77000 	C:\Windows\system32\rsaenh.dll
0x000007fefc9e0000 - 0x000007fefc9fe000 	C:\Windows\system32\USERENV.dll
0x000007fefd5d0000 - 0x000007fefd5df000 	C:\Windows\system32\CRYPTBASE.dll
0x000007fefb080000 - 0x000007fefb098000 	C:\Windows\system32\dhcpcsvc.DLL
0x000007fefaf60000 - 0x000007fefaf71000 	C:\Windows\system32\dhcpcsvc6.DLL
0x0000000070500000 - 0x0000000070511000 	C:\Program Files\Java\jdk1.8.0_144\jre\bin\nio.dll

VM Arguments:
java_command: E:\Users\BBLBPC\Documents\NetBeansProjects\vaidbike\target\surefire\surefirebooter8530852159960980670.jar E:\Users\BBLBPC\Documents\NetBeansProjects\vaidbike\target\surefire\surefire7999485774600122710tmp E:\Users\BBLBPC\Documents\NetBeansProjects\vaidbike\target\surefire\surefire2770556886375958313tmp
java_class_path (initial): E:\Users\BBLBPC\Documents\NetBeansProjects\vaidbike\target\surefire\surefirebooter8530852159960980670.jar
Launcher Type: SUN_STANDARD

Environment Variables:
JAVA_HOME=C:\Program Files\Java\jdk1.8.0_144
PATH=C:\ProgramData\Oracle\Java\javapath;C:\Windows\system32;C:\Windows;C:\Windows\System32\Wbem;C:\Windows\System32\WindowsPowerShell\v1.0\;C:\Program Files (x86)\Lua\5.1;C:\Program Files (x86)\Lua\5.1\clibs;C:\Program Files\Git\cmd;;C:\Program Files\Microsoft VS Code\bin
USERNAME=BBLBPC
OS=Windows_NT
PROCESSOR_IDENTIFIER=Intel64 Family 6 Model 60 Stepping 3, GenuineIntel



---------------  S Y S T E M  ---------------

OS: Windows 7 , 64 bit Build 7600 (6.1.7600.16385)

CPU:total 2 (initial active 2) (2 cores per cpu, 1 threads per core) family 6 model 60 stepping 3, cmov, cx8, fxsr, mmx, sse, sse2, sse3, ssse3, sse4.1, sse4.2, popcnt, clmul, erms, lzcnt, tsc, tscinvbit

Memory: 4k page, physical 6159368k(2225424k free), swap 6157472k(5760k free)

vm_info: Java HotSpot(TM) 64-Bit Server VM (25.144-b01) for windows-amd64 JRE (1.8.0_144-b01), built on Jul 21 2017 21:57:33 by "java_re" with MS VC++ 10.0 (VS2010)

time: Sat Jul 07 22:52:34 2018
elapsed time: 2 seconds (0d 0h 0m 2s)

